0 0 0
1 0 0
2 0 1
3 0 2
-1 -1 3
4 0 4
5 0 5
6 0 6
7 0 7
8 0 8
9 0 9
10 0 10
11 0 11
12 0 12
13 0 13
14 0 14
-1 -1 15
15 0 16
0 2 17
-1 -1 17
1 5 18
2 2 19
3 3 20
4 4 21
5 5 22
-1 -1 23
6 8 24
7 3 25
8 9 26
-1 -1 27
9 4 28
10 3 29
11 4 30
12 3 31
13 5 32
14 3 33
15 5 34
0 6 35
1 8 35
2 5 36
3 5 37
4 9 38
-1 -1 39
5 10 40
-1 -1 41
6 2 42
7 6 43
-1 -1 44
8 5 18
9 7 1
10 8 19
-1 -1 36
11 6 2
12 7 20
13 7 37
14 7 4
15 9 21
0 11 38
-1 -1 5
1 11 22
2 7 40
-1 -1 6
3 9 24
-1 -1 42
4 14 7
5 14 25
6 13 43
7 10 8
8 13 26
9 10 26
10 12 9
11 8 28
12 9 10
13 10 29
14 9 11
-1 -1 30
15 14 12
-1 -1 31
0 8 13
1 16 32
2 12 14
3 11 33
4 19 16
5 18 34
6 16 3
7 15 44
8 17 3
9 12 44
10 15 39
11 12 39
12 12 20
-1 -1 20
13 15 36
14 14 42
-1 -1 27
15 18 6
0 16 30
-1 -1 19
1 20 4
2 15 17
3 16 25
4 24 34
5 20 2
-1 -1 15
6 18 23
7 19 41
8 20 23
9 17 41
-1 -1 31
10 18 35
11 18 5
12 17 28
-1 -1 19
13 19 24
14 19 36
15 20 11
-1 -1 8
0 21 31
1 23 14
2 19 3
3 19 39
4 29 10
5 25 0
6 20 20
7 23 13
8 22 23
-1 -1 23
9 24 15
10 24 27
11 21 15
12 20 44
-1 -1 19
13 28 27
14 24 40
15 22 12
0 26 37
-1 -1 16
-1 -1 18
1 28 29
2 24 12
3 24 5
4 34 9
5 29 30
6 25 32
7 28 26
8 24 1
9 29 44
-1 -1 44
10 29 19
11 28 19
12 22 11
13 24 33
14 28 28
15 24 34
0 29 6
1 30 8
2 27 4
3 26 35
4 37 22
5 32 7
6 29 23
7 35 29
-1 -1 42
8 28 25
9 20 41
10 31 10
11 23 24
-1 -1 16
12 24 18
-1 -1 42
13 33 14
14 30 2
15 27 34
-1 -1 34
0 33 28
1 34 44
2 30 31
-1 -1 4
3 28 11
4 45 32
5 39 21
6 34 43
7 40 16
8 31 40
9 33 15
10 40 15
11 25 10
12 27 42
13 37 37
14 34 38
15 29 4
0 37 35
-1 -1 5
1 40 30
-1 -1 0
2 35 43
3 33 24
4 50 23
5 45 34
6 39 9
-1 -1 17
7 44 33
8 34 5
9 36 44
10 44 44
11 33 38
-1 -1 8
12 31 0
-1 -1 28
-1 -1 41
-1 -1 36
13 40 10
14 36 7
15 32 6
0 43 17
1 37 4
2 38 12
3 38 3
-1 -1 14
4 41 11
5 35 8
6 43 1
7 48 22
-1 -1 24
-1 -1 27
8 39 36
9 40 17
10 49 14
11 35 28
-1 -1 35
12 35 37
-1 -1 25
13 43 41
14 40 20
-1 -1 10
15 35 24
0 52 6
1 44 6
2 40 27
3 43 28
4 55 38
5 49 38
6 47 43
7 52 43
8 43 30
9 43 2
10 53 25
11 39 29
12 42 32
13 49 18
14 42 16
-1 -1 26
15 39 12
0 56 44
-1 -1 7
-1 -1 35
1 49 10
2 49 39
3 45 31
4 57 15
5 51 13
6 52 40
7 57 9
8 48 4
9 46 8
10 37 35
11 44 35
12 45 12
13 53 14
14 47 24
-1 -1 19
-1 -1 28
15 41 6
0 45 33
1 55 31
2 45 37
-1 -1 17
3 47 0
-1 -1 26
4 64 20
5 55 14
-1 -1 7
6 56 5
7 61 19
8 52 21
-1 -1 17
9 48 3
10 58 42
11 47 28
-1 -1 28
12 48 38
-1 -1 0
13 56 23
14 49 32
15 45 26
0 60 24
1 59 18
2 54 4
3 58 15
4 66 18
-1 -1 34
-1 -1 7
5 58 33
6 31 36
7 64 25
8 58 28
9 51 11
10 61 1
11 51 6
12 50 37
13 60 2
-1 -1 7
14 51 8
15 48 42
-1 -1 34
0 65 17
1 62 17
-1 -1 21
2 58 10
3 50 44
4 68 0
5 61 21
6 59 7
7 68 35
8 61 13
9 56 41
-1 -1 36
10 65 32
-1 -1 9
11 56 44
12 53 19
13 65 20
14 53 30
15 51 12
0 48 12
1 65 34
2 62 29
3 53 35
4 73 16
5 64 22
6 64 18
7 70 26
8 65 41
9 60 9
10 69 9
11 58 14
12 58 38
-1 -1 43
13 69 36
-1 -1 25
14 58 42
15 57 42
0 74 40
1 70 21
2 65 10
3 67 8
4 76 5
5 66 15
6 68 27
7 72 3
8 55 12
9 66 17
-1 -1 31
10 74 33
11 60 14
12 61 39
13 74 28
14 61 16
-1 -1 16
15 60 44
0 69 37
1 72 4
2 67 25
3 73 43
4 81 26
5 70 31
6 76 20
7 77 20
-1 -1 6
8 72 22
9 75 42
10 76 23
11 68 21
12 63 39
13 79 1
-1 -1 11
14 64 0
15 64 13
0 79 16
1 77 25
2 70 32
3 76 37
4 86 4
5 73 33
6 79 38
7 80 11
-1 -1 19
8 77 12
9 79 36
10 83 6
11 63 7
12 65 9
13 83 10
14 68 35
15 69 34
0 82 34
1 81 24
2 74 14
3 70 15
4 90 7
5 75 29
6 82 33
7 84 5
8 84 16
9 84 3
10 86 19
11 73 19
12 70 41
13 87 37
14 71 43
15 72 31
0 85 8
1 86 39
2 76 2
-1 -1 18
3 81 11
-1 -1 6
4 93 30
5 77 12
6 73 17
7 87 20
8 92 10
-1 -1 27
-1 -1 16
9 90 28
11 79 14
12 72 34
10 91 4
13 91 35
14 75 37
15 77 18
0 90 36
1 88 22
2 79 22
3 85 15
-1 -1 6
5 84 38
6 86 7
7 90 32
8 88 24
9 95 21
10 96 44
11 84 14
12 77 14
-1 -1 33
-1 -1 41
13 94 39
-1 -1 42
14 79 3
15 84 11
0 95 29
1 90 27
4 98 16
-1 -1 4
2 84 40
3 90 5
-1 -1 1
5 89 6
6 89 33
7 95 42
8 81 41
9 71 23
11 88 7
12 80 24
-1 -1 40
-1 -1 36
-1 -1 25
14 82 17
13 97 15
-1 -1 16
15 80 0
1 95 35
2 87 4
3 95 25
-1 -1 10
5 93 6
6 92 2
-1 -1 19
11 93 40
12 85 26
-1 -1 23
14 86 1
0 71 13
15 89 33
2 90 23
6 95 36
-1 -1 11
14 90 15
11 96 21
8 96 20
1 98 43
12 92 34
-1 -1 5
15 92 16
-1 -1 19
-1 -1 38
-1 -1 7
2 95 8
12 96 18
14 95 32
-1 -1 10
15 96 4
-1 -1 42
-1 -1 44
3 98 7
5 98 37
6 98 5
-1 -1 14
-1 -1 41
-1 -1 30
-1 -1 11
-1 -1 1
-1 -1 31
-1 -1 9
-1 -1 10
15 54 17
-1 -1 24
-1 -1 27
-1 -1 43
-1 -1 22
-1 -1 38
-1 -1 29
-1 -1 19
-1 -1 13
-1 -1 5
-1 -1 20
-1 -1 33
-1 -1 39
-1 -1 28
-1 -1 3
-1 -1 5
-1 -1 18
-1 -1 10
-1 -1 34
-1 -1 24
-1 -1 31
-1 -1 0
-1 -1 43
-1 -1 40
-1 -1 32
-1 -1 17
-1 -1 22
-1 -1 35
-1 -1 12
-1 -1 7
-1 -1 3
-1 -1 13
-1 -1 36
-1 -1 25
-1 -1 29
-1 -1 37
-1 -1 16
-1 -1 38
-1 -1 10
-1 -1 31
-1 -1 0
-1 -1 26
-1 -1 34
-1 -1 13
-1 -1 2
-1 -1 24
-1 -1 27
-1 -1 33
-1 -1 6
-1 -1 3
-1 -1 10
-1 -1 35
-1 -1 29
-1 -1 5
-1 -1 28
-1 -1 9
-1 -1 39
-1 -1 22
-1 -1 31
-1 -1 23
-1 -1 14
-1 -1 38
-1 -1 21
-1 -1 43
-1 -1 13
-1 -1 2
-1 -1 29
-1 -1 17
-1 -1 40
-1 -1 41
-1 -1 27
-1 -1 37
-1 -1 2
-1 -1 28
-1 -1 8
-1 -1 15
-1 -1 16
-1 -1 4
-1 -1 1
-1 -1 40
-1 -1 39
-1 -1 18
-1 -1 44
-1 -1 26
-1 -1 20
-1 -1 13
-1 -1 7
-1 -1 37
-1 -1 5
-1 -1 9
-1 -1 42
-1 -1 15
-1 -1 19
-1 -1 32
-1 -1 27
-1 -1 22
-1 -1 19
-1 -1 40
-1 -1 8
-1 -1 2
