14 85 25
7 39 39
3 50 29
x
x
5 33 37
x
1 25 41
0 48 43
x
6 16 28
15 48 34
x
11 85 6
3 0 0
15 54 23
9 22 0
9 53 13
6 88 5
x
8 4 9
x
x
4 10 3
9 58 19
10 16 22
13 81 25
x
0 66 38
x
15 51 5
7 44 32
15 81 17
13 21 1
8 96 31
8 72 41
x
x
x
x
13 28 37
3 19 9
x
13 32 3
3 34 8
12 0 30
1 94 43
x
12 84 12
8 54 34
1 55 21
x
9 98 37
x
12 92 11
x
5 71 16
0 82 42
0 41 8
0 0 1
1 10 7
x
x
x
9 66 20
8 76 25
4 20 29
4 90 27
15 4 35
3 92 36
11 14 8
x
11 63 1
12 45 39
13 86 38
x
13 36 42
5 37 26
14 87 7
10 66 42
11 68 11
11 9 37
13 40 29
13 91 28
x
x
6 20 20
13 93 27
x
2 5 5
8 24 2
3 48 33
7 13 24
2 33 25
10 99 37
13 98 33
12 50 43
x
15 57 9
5 55 40
14 3 40
x
1 15 6
x
x
0 96 21
12 87 8
12 96 4
x
0 11 5
7 74 21
x
x
0 16 17
4 15 8
x
x
7 49 16
14 89 36
5 5 6
1 40 16
x
11 18 22
3 43 14
1 49 18
12 39 14
3 63 41
11 22 23
6 23 24
12 70 18
x
x
2 0 2
14 5 43
6 31 21
0 70 26
6 6 6
1 38 9
x
8 68 35
15 9 39
13 0 0
15 60 12
x
4 95 37
0 92 31
11 28 27
x
x
2 15 20
x
13 3 9
x
6 28 10
1 67 25
11 88 31
x
x
9 71 18
11 92 2
x
0 21 10
x
9 75 17
10 34 17
6 34 23
x
x
5 89 10
x
13 44 32
8 84 42
14 7 35
x
x
x
5 45 42
x
6 38 30
3 82 30
5 28 19
1 5 8
6 8 39
7 77 14
7 7 41
8 92 38
x
5 39 43
9 78 5
x
x
15 87 18
x
2 89 34
x
13 6 10
x
4 68 39
5 20 31
10 70 39
x
5 24 30
7 54 33
6 96 7
13 49 36
x
x
10 74 35
x
x
x
x
14 93 37
x
x
12 72 6
12 74 42
9 81 11
x
3 15 15
14 9 9
6 43 22
2 20 18
x
x
7 17 26
13 25 41
15 11 42
5 59 33
3 65 42
14 11 39
x
3 53 16
14 0 10
x
x
0 43 33
x
0 26 15
x
15 89 1
11 95 19
14 16 6
0 35 19
3 58 22
8 80 13
9 90 7
6 0 42
13 9 2
12 3 32
1 20 12
4 62 35
x
10 78 44
3 99 40
x
11 32 30
3 67 23
x
14 21 15
9 0 4
5 63 44
9 4 26
x
13 53 44
15 15 40
11 71 32
8 88 29
13 56 14
x
x
x
15 17 33
x
2 24 21
15 63 44
x
x
x
1 59 10
9 8 33
14 26 23
1 45 23
11 97 29
x
7 33 0
7 80 34
x
x
x
9 40 14
x
4 78 41
15 91 3
12 7 36
0 5 3
15 21 43
2 93 36
11 36 15
14 28 16
x
x
10 91 20
x
5 67 25
9 86 10
2 10 15
5 76 14
7 59 38
9 95 9
4 29 7
x
13 58 11
15 66 14
x
4 50 24
12 10 22
x
14 30 20
x
4 34 11
2 58 7
0 52 29
x
9 11 31
3 78 26
x
9 15 24
x
14 33 13
8 29 8
12 13 23
1 28 13
12 17 38
x
7 64 18
2 70 6
7 86 17
x
12 76 44
0 74 27
15 93 4
6 47 11
x
4 73 38
x
11 74 3
8 7 18
5 84 17
11 77 4
9 19 28
15 69 11
1 0 2
15 95 2
9 63 27
4 41 19
10 0 4
10 83 18
0 87 41
10 5 12
15 23 7
6 52 12
x
15 97 26
12 20 24
x
7 21 31
12 78 15
x
2 62 41
14 35 5
4 0 4
x
10 96 24
3 24 11
11 79 41
9 24 22
10 10 14
x
8 34 39
6 57 9
4 45 9
7 69 20
13 60 17
2 49 33
x
1 71 24
1 62 22
x
4 58 34
9 27 30
x
12 23 26
x
11 0 28
15 25 13
14 62 44
13 62 18
12 55 35
15 72 21
x
3 5 1
15 32 16
14 37 19
10 13 0
15 75 6
11 41 9
x
15 29 15
2 97 13
10 21 16
12 27 28
10 18 1
x
9 30 36
10 24 2
7 25 35
14 40 34
5 93 0
6 61 3
2 38 29
3 87 32
x
9 34 21
x
15 36 31
x
2 74 27
1 33 14
10 37 21
8 9 0
11 46 5
4 39 17
8 99 22
2 28 23
4 5 0
8 39 43
x
12 31 16
6 65 8
7 83 6
14 42 12
x
2 79 19
11 50 17
15 99 39
10 29 34
x
10 40 3
x
12 60 40
10 45 40
4 54 26
9 37 16
x
x
6 69 1
x
5 0 2
14 47 3
7 90 15
8 44 40
x
14 97 43
10 49 8
6 92 40
x
x
x
13 66 21
12 34 34
x
x
12 65 25
x
x
x
13 70 22
x
x
9 43 32
8 12 5
x
5 80 18
x
2 84 44
4 24 43
x
10 52 43
7 10 29
x
x
14 52 1
14 54 4
5 50 35
11 3 26
x
0 57 32
6 12 32
x
x
13 12 5
x
11 55 7
10 94 36
14 99 7
x
4 82 40
11 6 38
14 57 38
x
0 78 40
3 73 20
2 53 35
15 40 32
15 0 19
x
8 49 44
7 29 28
5 10 12
5 15 13
6 76 4
3 36 25
10 55 19
x
x
12 90 5
13 15 30
x
x
x
x
2 66 38
x
x
6 80 27
14 60 8
12 36 20
12 80 33
x
15 2 20
10 60 6
x
x
x
x
x
15 42 10
13 74 23
5 97 22
14 64 2
x
5 43 34
1 79 39
9 46 15
x
x
1 84 35
3 10 4
12 99 13
15 46 30
13 18 31
x
x
x
6 72 37
13 76 24
3 29 10
x
x
7 0 30
x
8 15 1
9 49 23
1 89 37
7 35 36
2 43 31
x
15 78 41
x
15 84 24
x
14 69 28
3 38 17
7 94 25
11 82 0
0 31 28
8 18 11
11 59 12
x
x
8 58 37
8 0 12
x
12 42 13
x
x
14 74 29
8 21 3
x
x
13 79 26
1 75 28
8 63 27
x
7 98 13
10 87 25
7 4 42
x
0 62 36
3 95 34
6 84 44
10 63 33
14 77 27
x
1 98 4
x
x
14 80 0
4 64 36
x
12 82 7
x
x
4 86 44
